<?xml version="1.0" encoding="UTF-8"?>
<!-- Generated by org.testng.reporters.JUnitReportReporter -->
<testsuite skipped="0" hostname="DESKTOP-QMOTP9V" name="test.DataProviderExercise" tests="1" failures="0" timestamp="27 Apr 2018 01:51:10 GMT" time="0.003" errors="0">
  <testcase name="practice" time="0.003" classname="test.DataProviderExercise"/>
</testsuite> <!-- test.DataProviderExercise -->
