<?xml version="1.0" encoding="UTF-8"?>
<!-- Generated by org.testng.reporters.JUnitReportReporter -->
<testsuite skipped="0" hostname="DESKTOP-QMOTP9V" name="test.SyntaxNGPractice" tests="1" failures="0" timestamp="27 Apr 2018 01:51:10 GMT" time="8.000" errors="0">
  <testcase name="TestNGmethod" time="8.000" classname="test.SyntaxNGPractice"/>
</testsuite> <!-- test.SyntaxNGPractice -->
