<?xml version="1.0" encoding="UTF-8"?>
<!-- Generated by org.testng.reporters.JUnitReportReporter -->
<testsuite skipped="0" hostname="DESKTOP-QMOTP9V" name="test.test3" tests="3" failures="0" timestamp="27 Apr 2018 01:51:10 GMT" time="0.007" errors="0">
  <testcase name="LoginAPICarLoan" time="0.002" classname="test.test3"/>
  <testcase name="WebloginCarLoan" time="0.003" classname="test.test3"/>
  <testcase name="MobileLoginCarLoan" time="0.002" classname="test.test3"/>
</testsuite> <!-- test.test3 -->
