<?xml version="1.0" encoding="UTF-8"?>
<!-- Generated by org.testng.reporters.JUnitReportReporter -->
<testsuite skipped="0" hostname="DESKTOP-QMOTP9V" name="test.test2" tests="1" failures="0" timestamp="27 Apr 2018 01:51:10 GMT" time="0.006" errors="0">
  <testcase name="Test2" time="0.006" classname="test.test2"/>
</testsuite> <!-- test.test2 -->
