<?xml version="1.0" encoding="UTF-8"?>
<!-- Generated by org.testng.reporters.JUnitReportReporter -->
<testsuite skipped="1" hostname="DESKTOP-QMOTP9V" name="test.test4" tests="2" failures="0" timestamp="27 Apr 2018 01:51:10 GMT" time="0.012" errors="0">
  <testcase name="LoginAPIHomeLoan" time="0.012" classname="test.test4"/>
  <testcase name="WebloginHomeLoan" classname="test.test4">
    <skipped/>
  </testcase> <!-- WebloginHomeLoan -->
</testsuite> <!-- test.test4 -->
