<?xml version="1.0" encoding="UTF-8"?>
<!-- Generated by org.testng.reporters.JUnitReportReporter -->
<testsuite skipped="0" hostname="DESKTOP-QMOTP9V" name="test.lecture1" tests="2" failures="0" timestamp="27 Apr 2018 01:51:10 GMT" time="0.023" errors="0">
  <testcase name="Demo" time="0.021" classname="test.lecture1"/>
  <testcase name="SecondTest" time="0.002" classname="test.lecture1"/>
</testsuite> <!-- test.lecture1 -->
